This file contains any messages produced by compilers while
running configure, to aid debugging if configure makes a mistake.

It was created by DOMjudge configure 7.3.3, which was
generated by GNU Autoconf 2.69.  Invocation command line was

  $ ./configure --prefix=/domjudge --with-domserver_root=/domjudge --with-judgehost_root=/domjudge --with-domjudge_docdir=/domjudge/doc --with-domserver_logdir=/domjudge/output/log --with-judgehost_logdir=/domjudge/output/log --with-domserver_rundir=/domjudge/output/run --with-judgehost_rundir=/domjudge/output/run --with-domserver_tmpdir=/domjudge/output/tmp --with-judgehost_tmpdir=/domjudge/output/tmp --with-judgehost_judgedir=/domjudge/output/judgings --with-baseurl=http://localhost/domjudge/ CFLAGS=-g -O1 -Wall -fstack-protector -D_FORTIFY_SOURCE=2 -fPIE -Wformat -Wformat-security -pedantic -std=c11 CXXFLAGS=-g -O1 -Wall -fstack-protector -D_FORTIFY_SOURCE=2 -fPIE -Wformat -Wformat-security -pedantic -std=c++11 LDFLAGS=-fPIE -pie -Wl,-z,relro -Wl,-z,now --with-baseurl=http://localhost/ --with-webserver-group=domjudge

## --------- ##
## Platform. ##
## --------- ##

hostname = domjudge-contributor
uname -m = x86_64
uname -r = 5.8.0-59-generic
uname -s = Linux
uname -v = #66~20.04.1-Ubuntu SMP Thu Jun 17 11:14:10 UTC 2021

/usr/bin/uname -p = x86_64
/bin/uname -X     = unknown

/bin/arch              = x86_64
/usr/bin/arch -k       = unknown
/usr/convex/getsysinfo = unknown
/usr/bin/hostinfo      = unknown
/bin/machine           = unknown
/usr/bin/oslevel       = unknown
/bin/universe          = unknown

PATH: /usr/local/sbin
PATH: /usr/local/bin
PATH: /usr/sbin
PATH: /usr/bin
PATH: /sbin
PATH: /bin
PATH: /snap/bin


## ----------- ##
## Core tests. ##
## ----------- ##

configure:2528: checking whether configure should try to set CFLAGS
configure:2532: result: no
configure:2528: checking whether configure should try to set CXXFLAGS
configure:2532: result: no
configure:2528: checking whether configure should try to set LDFLAGS
configure:2532: result: no
configure:2587: checking for gcc
configure:2603: found /usr/bin/gcc
configure:2614: result: gcc
configure:2843: checking for C compiler version
configure:2852: gcc --version >&5
gcc (Ubuntu 9.3.0-17ubuntu1~20.04) 9.3.0
Copyright (C) 2019 Free Software Foundation, Inc.
This is free software; see the source for copying conditions.  There is NO
warranty; not even for MERCHANTABILITY or FITNESS FOR A PARTICULAR PURPOSE.

configure:2863: $? = 0
configure:2852: gcc -v >&5
Using built-in specs.
COLLECT_GCC=gcc
COLLECT_LTO_WRAPPER=/usr/lib/gcc/x86_64-linux-gnu/9/lto-wrapper
OFFLOAD_TARGET_NAMES=nvptx-none:hsa
OFFLOAD_TARGET_DEFAULT=1
Target: x86_64-linux-gnu
Configured with: ../src/configure -v --with-pkgversion='Ubuntu 9.3.0-17ubuntu1~20.04' --with-bugurl=file:///usr/share/doc/gcc-9/README.Bugs --enable-languages=c,ada,c++,go,brig,d,fortran,objc,obj-c++,gm2 --prefix=/usr --with-gcc-major-version-only --program-suffix=-9 --program-prefix=x86_64-linux-gnu- --enable-shared --enable-linker-build-id --libexecdir=/usr/lib --without-included-gettext --enable-threads=posix --libdir=/usr/lib --enable-nls --enable-clocale=gnu --enable-libstdcxx-debug --enable-libstdcxx-time=yes --with-default-libstdcxx-abi=new --enable-gnu-unique-object --disable-vtable-verify --enable-plugin --enable-default-pie --with-system-zlib --with-target-system-zlib=auto --enable-objc-gc=auto --enable-multiarch --disable-werror --with-arch-32=i686 --with-abi=m64 --with-multilib-list=m32,m64,mx32 --enable-multilib --with-tune=generic --enable-offload-targets=nvptx-none=/build/gcc-9-HskZEa/gcc-9-9.3.0/debian/tmp-nvptx/usr,hsa --without-cuda-driver --enable-checking=release --build=x86_64-linux-gnu --host=x86_64-linux-gnu --target=x86_64-linux-gnu
Thread model: posix
gcc version 9.3.0 (Ubuntu 9.3.0-17ubuntu1~20.04) 
configure:2863: $? = 0
configure:2852: gcc -V >&5
gcc: error: unrecognized command line option '-V'
gcc: fatal error: no input files
compilation terminated.
configure:2863: $? = 1
configure:2852: gcc -qversion >&5
gcc: error: unrecognized command line option '-qversion'; did you mean '--version'?
gcc: fatal error: no input files
compilation terminated.
configure:2863: $? = 1
configure:2883: checking whether the C compiler works
configure:2905: gcc -g -O1 -Wall -fstack-protector -D_FORTIFY_SOURCE=2 -fPIE -Wformat -Wformat-security -pedantic -std=c11  -fPIE -pie -Wl,-z,relro -Wl,-z,now conftest.c  >&5
configure:2909: $? = 0
configure:2957: result: yes
configure:2960: checking for C compiler default output file name
configure:2962: result: a.out
configure:2968: checking for suffix of executables
configure:2975: gcc -o conftest -g -O1 -Wall -fstack-protector -D_FORTIFY_SOURCE=2 -fPIE -Wformat -Wformat-security -pedantic -std=c11  -fPIE -pie -Wl,-z,relro -Wl,-z,now conftest.c  >&5
configure:2979: $? = 0
configure:3001: result: 
configure:3023: checking whether we are cross compiling
configure:3031: gcc -o conftest -g -O1 -Wall -fstack-protector -D_FORTIFY_SOURCE=2 -fPIE -Wformat -Wformat-security -pedantic -std=c11  -fPIE -pie -Wl,-z,relro -Wl,-z,now conftest.c  >&5
configure:3035: $? = 0
configure:3042: ./conftest
configure:3046: $? = 0
configure:3034: result: no
configure:3039: checking for suffix of object files
configure:3061: gcc -c -g -O1 -Wall -fstack-protector -D_FORTIFY_SOURCE=2 -fPIE -Wformat -Wformat-security -pedantic -std=c11  conftest.c >&5
configure:3065: $? = 0
configure:3086: result: o
configure:3090: checking whether we are using the GNU C compiler
configure:3109: gcc -c -g -O1 -Wall -fstack-protector -D_FORTIFY_SOURCE=2 -fPIE -Wformat -Wformat-security -pedantic -std=c11  conftest.c >&5
configure:3109: $? = 0
configure:3118: result: yes
configure:3127: checking whether gcc accepts -g
configure:3147: gcc -c -g  conftest.c >&5
configure:3147: $? = 0
configure:3188: result: yes
configure:3205: checking for gcc option to accept ISO C89
configure:3268: gcc  -c -g -O1 -Wall -fstack-protector -D_FORTIFY_SOURCE=2 -fPIE -Wformat -Wformat-security -pedantic -std=c11  conftest.c >&5
configure:3268: $? = 0
configure:3281: result: none needed
configure:3308: checking whether C compiler accepts -Wall
configure:3327: gcc -c -g -O1 -Wall -fstack-protector -D_FORTIFY_SOURCE=2 -fPIE -Wformat -Wformat-security -pedantic -std=c11  -Wall  conftest.c >&5
configure:3327: $? = 0
configure:3336: result: yes
configure:3352: : DEF_CXFLAGS="$DEF_CXFLAGS"
configure:3355: $? = 0
configure:3383: checking whether C compiler accepts -fstack-protector
configure:3402: gcc -c -g -O1 -Wall -fstack-protector -D_FORTIFY_SOURCE=2 -fPIE -Wformat -Wformat-security -pedantic -std=c11  -fstack-protector  conftest.c >&5
configure:3402: $? = 0
configure:3411: result: yes
configure:3427: : DEF_CXFLAGS="$DEF_CXFLAGS"
configure:3430: $? = 0
configure:3458: checking whether C compiler accepts -fPIE
configure:3477: gcc -c -g -O1 -Wall -fstack-protector -D_FORTIFY_SOURCE=2 -fPIE -Wformat -Wformat-security -pedantic -std=c11  -fPIE  conftest.c >&5
configure:3477: $? = 0
configure:3486: result: yes
configure:3502: : DEF_CXFLAGS="$DEF_CXFLAGS"
configure:3505: $? = 0
configure:3533: checking whether C compiler accepts -D_FORTIFY_SOURCE=2
configure:3552: gcc -c -g -O1 -Wall -fstack-protector -D_FORTIFY_SOURCE=2 -fPIE -Wformat -Wformat-security -pedantic -std=c11  -D_FORTIFY_SOURCE=2  conftest.c >&5
configure:3552: $? = 0
configure:3561: result: yes
configure:3577: : DEF_CXFLAGS="$DEF_CXFLAGS"
configure:3580: $? = 0
configure:3608: checking whether the linker accepts -fPIE
configure:3627: gcc -o conftest -g -O1 -Wall -fstack-protector -D_FORTIFY_SOURCE=2 -fPIE -Wformat -Wformat-security -pedantic -std=c11  -fPIE -pie -Wl,-z,relro -Wl,-z,now  -fPIE conftest.c  >&5
configure:3627: $? = 0
configure:3637: result: yes
configure:3653: : DEF_LDFLAGS="$DEF_LDFLAGS"
configure:3656: $? = 0
configure:3608: checking whether the linker accepts -pie
configure:3627: gcc -o conftest -g -O1 -Wall -fstack-protector -D_FORTIFY_SOURCE=2 -fPIE -Wformat -Wformat-security -pedantic -std=c11  -fPIE -pie -Wl,-z,relro -Wl,-z,now  -pie conftest.c  >&5
configure:3627: $? = 0
configure:3637: result: yes
configure:3653: : DEF_LDFLAGS="$DEF_LDFLAGS"
configure:3656: $? = 0
configure:3684: checking whether the linker accepts -Wl,-z,relro
configure:3703: gcc -o conftest -g -O1 -Wall -fstack-protector -D_FORTIFY_SOURCE=2 -fPIE -Wformat -Wformat-security -pedantic -std=c11  -fPIE -pie -Wl,-z,relro -Wl,-z,now  -Wl,-z,relro conftest.c  >&5
configure:3703: $? = 0
configure:3713: result: yes
configure:3729: : DEF_LDFLAGS="$DEF_LDFLAGS"
configure:3732: $? = 0
configure:3760: checking whether the linker accepts -Wl,-z,now
configure:3779: gcc -o conftest -g -O1 -Wall -fstack-protector -D_FORTIFY_SOURCE=2 -fPIE -Wformat -Wformat-security -pedantic -std=c11  -fPIE -pie -Wl,-z,relro -Wl,-z,now  -Wl,-z,now conftest.c  >&5
configure:3779: $? = 0
configure:3789: result: yes
configure:3805: : DEF_LDFLAGS="$DEF_LDFLAGS"
configure:3808: $? = 0
configure:3856: checking domjudge-user
configure:3873: result: domjudge (default: current user)
configure:3882: checking webserver-group
configure:3911: result: domjudge
configure:3918: checking runuser
configure:3930: result: domjudge-run (default)
configure:3939: checking rungroup
configure:3951: result: domjudge-run (default)
configure:3961: checking for cgroup_init in -lcgroup
configure:3986: gcc -o conftest -g -O1 -Wall -fstack-protector -D_FORTIFY_SOURCE=2 -fPIE -Wformat -Wformat-security -pedantic -std=c11  -fPIE -pie -Wl,-z,relro -Wl,-z,now conftest.c -lcgroup   >&5
configure:3986: $? = 0
configure:3995: result: yes
configure:4381: checking baseurl
configure:4401: result: http://localhost/
configure:4469: checking for g++
configure:4485: found /usr/bin/g++
configure:4496: result: g++
configure:4523: checking for C++ compiler version
configure:4532: g++ --version >&5
g++ (Ubuntu 9.3.0-17ubuntu1~20.04) 9.3.0
Copyright (C) 2019 Free Software Foundation, Inc.
This is free software; see the source for copying conditions.  There is NO
warranty; not even for MERCHANTABILITY or FITNESS FOR A PARTICULAR PURPOSE.

configure:4543: $? = 0
configure:4532: g++ -v >&5
Using built-in specs.
COLLECT_GCC=g++
COLLECT_LTO_WRAPPER=/usr/lib/gcc/x86_64-linux-gnu/9/lto-wrapper
OFFLOAD_TARGET_NAMES=nvptx-none:hsa
OFFLOAD_TARGET_DEFAULT=1
Target: x86_64-linux-gnu
Configured with: ../src/configure -v --with-pkgversion='Ubuntu 9.3.0-17ubuntu1~20.04' --with-bugurl=file:///usr/share/doc/gcc-9/README.Bugs --enable-languages=c,ada,c++,go,brig,d,fortran,objc,obj-c++,gm2 --prefix=/usr --with-gcc-major-version-only --program-suffix=-9 --program-prefix=x86_64-linux-gnu- --enable-shared --enable-linker-build-id --libexecdir=/usr/lib --without-included-gettext --enable-threads=posix --libdir=/usr/lib --enable-nls --enable-clocale=gnu --enable-libstdcxx-debug --enable-libstdcxx-time=yes --with-default-libstdcxx-abi=new --enable-gnu-unique-object --disable-vtable-verify --enable-plugin --enable-default-pie --with-system-zlib --with-target-system-zlib=auto --enable-objc-gc=auto --enable-multiarch --disable-werror --with-arch-32=i686 --with-abi=m64 --with-multilib-list=m32,m64,mx32 --enable-multilib --with-tune=generic --enable-offload-targets=nvptx-none=/build/gcc-9-HskZEa/gcc-9-9.3.0/debian/tmp-nvptx/usr,hsa --without-cuda-driver --enable-checking=release --build=x86_64-linux-gnu --host=x86_64-linux-gnu --target=x86_64-linux-gnu
Thread model: posix
gcc version 9.3.0 (Ubuntu 9.3.0-17ubuntu1~20.04) 
configure:4543: $? = 0
configure:4532: g++ -V >&5
g++: error: unrecognized command line option '-V'
g++: fatal error: no input files
compilation terminated.
configure:4543: $? = 1
configure:4532: g++ -qversion >&5
g++: error: unrecognized command line option '-qversion'; did you mean '--version'?
g++: fatal error: no input files
compilation terminated.
configure:4543: $? = 1
configure:4547: checking whether we are using the GNU C++ compiler
configure:4566: g++ -c -g -O1 -Wall -fstack-protector -D_FORTIFY_SOURCE=2 -fPIE -Wformat -Wformat-security -pedantic -std=c++11  conftest.cpp >&5
configure:4566: $? = 0
configure:4575: result: yes
configure:4584: checking whether g++ accepts -g
configure:4604: g++ -c -g  conftest.cpp >&5
configure:4604: $? = 0
configure:4645: result: yes
configure:4716: checking for gcc
configure:4743: result: gcc
configure:4972: checking for C compiler version
configure:4981: gcc --version >&5
gcc (Ubuntu 9.3.0-17ubuntu1~20.04) 9.3.0
Copyright (C) 2019 Free Software Foundation, Inc.
This is free software; see the source for copying conditions.  There is NO
warranty; not even for MERCHANTABILITY or FITNESS FOR A PARTICULAR PURPOSE.

configure:4992: $? = 0
configure:4981: gcc -v >&5
Using built-in specs.
COLLECT_GCC=gcc
COLLECT_LTO_WRAPPER=/usr/lib/gcc/x86_64-linux-gnu/9/lto-wrapper
OFFLOAD_TARGET_NAMES=nvptx-none:hsa
OFFLOAD_TARGET_DEFAULT=1
Target: x86_64-linux-gnu
Configured with: ../src/configure -v --with-pkgversion='Ubuntu 9.3.0-17ubuntu1~20.04' --with-bugurl=file:///usr/share/doc/gcc-9/README.Bugs --enable-languages=c,ada,c++,go,brig,d,fortran,objc,obj-c++,gm2 --prefix=/usr --with-gcc-major-version-only --program-suffix=-9 --program-prefix=x86_64-linux-gnu- --enable-shared --enable-linker-build-id --libexecdir=/usr/lib --without-included-gettext --enable-threads=posix --libdir=/usr/lib --enable-nls --enable-clocale=gnu --enable-libstdcxx-debug --enable-libstdcxx-time=yes --with-default-libstdcxx-abi=new --enable-gnu-unique-object --disable-vtable-verify --enable-plugin --enable-default-pie --with-system-zlib --with-target-system-zlib=auto --enable-objc-gc=auto --enable-multiarch --disable-werror --with-arch-32=i686 --with-abi=m64 --with-multilib-list=m32,m64,mx32 --enable-multilib --with-tune=generic --enable-offload-targets=nvptx-none=/build/gcc-9-HskZEa/gcc-9-9.3.0/debian/tmp-nvptx/usr,hsa --without-cuda-driver --enable-checking=release --build=x86_64-linux-gnu --host=x86_64-linux-gnu --target=x86_64-linux-gnu
Thread model: posix
gcc version 9.3.0 (Ubuntu 9.3.0-17ubuntu1~20.04) 
configure:4992: $? = 0
configure:4981: gcc -V >&5
gcc: error: unrecognized command line option '-V'
gcc: fatal error: no input files
compilation terminated.
configure:4992: $? = 1
configure:4981: gcc -qversion >&5
gcc: error: unrecognized command line option '-qversion'; did you mean '--version'?
gcc: fatal error: no input files
compilation terminated.
configure:4992: $? = 1
configure:4996: checking whether we are using the GNU C compiler
configure:5024: result: yes
configure:5033: checking whether gcc accepts -g
configure:5094: result: yes
configure:5111: checking for gcc option to accept ISO C89
configure:5187: result: none needed
configure:5212: checking how to run the C++ preprocessor
configure:5239: g++ -E  conftest.cpp
configure:5239: $? = 0
configure:5253: g++ -E  conftest.cpp
conftest.cpp:10:10: fatal error: ac_nonexistent.h: No such file or directory
   10 | #include <ac_nonexistent.h>
      |          ^~~~~~~~~~~~~~~~~~
compilation terminated.
configure:5253: $? = 1
configure: failed program was:
| /* confdefs.h */
| #define PACKAGE_NAME "DOMjudge"
| #define PACKAGE_TARNAME "domjudge"
| #define PACKAGE_VERSION "7.3.3"
| #define PACKAGE_STRING "DOMjudge 7.3.3"
| #define PACKAGE_BUGREPORT "domjudge-devel@domjudge.org"
| #define PACKAGE_URL ""
| #define DOMJUDGE_VERSION "7.3.3"
| /* end confdefs.h.  */
| #include <ac_nonexistent.h>
configure:5278: result: g++ -E
configure:5298: g++ -E  conftest.cpp
configure:5298: $? = 0
configure:5312: g++ -E  conftest.cpp
conftest.cpp:10:10: fatal error: ac_nonexistent.h: No such file or directory
   10 | #include <ac_nonexistent.h>
      |          ^~~~~~~~~~~~~~~~~~
compilation terminated.
configure:5312: $? = 1
configure: failed program was:
| /* confdefs.h */
| #define PACKAGE_NAME "DOMjudge"
| #define PACKAGE_TARNAME "domjudge"
| #define PACKAGE_VERSION "7.3.3"
| #define PACKAGE_STRING "DOMjudge 7.3.3"
| #define PACKAGE_BUGREPORT "domjudge-devel@domjudge.org"
| #define PACKAGE_URL ""
| #define DOMJUDGE_VERSION "7.3.3"
| /* end confdefs.h.  */
| #include <ac_nonexistent.h>
configure:5345: checking how to run the C preprocessor
configure:5376: gcc -E  conftest.c
configure:5376: $? = 0
configure:5390: gcc -E  conftest.c
conftest.c:10:10: fatal error: ac_nonexistent.h: No such file or directory
   10 | #include <ac_nonexistent.h>
      |          ^~~~~~~~~~~~~~~~~~
compilation terminated.
configure:5390: $? = 1
configure: failed program was:
| /* confdefs.h */
| #define PACKAGE_NAME "DOMjudge"
| #define PACKAGE_TARNAME "domjudge"
| #define PACKAGE_VERSION "7.3.3"
| #define PACKAGE_STRING "DOMjudge 7.3.3"
| #define PACKAGE_BUGREPORT "domjudge-devel@domjudge.org"
| #define PACKAGE_URL ""
| #define DOMJUDGE_VERSION "7.3.3"
| /* end confdefs.h.  */
| #include <ac_nonexistent.h>
configure:5415: result: gcc -E
configure:5435: gcc -E  conftest.c
configure:5435: $? = 0
configure:5449: gcc -E  conftest.c
conftest.c:10:10: fatal error: ac_nonexistent.h: No such file or directory
   10 | #include <ac_nonexistent.h>
      |          ^~~~~~~~~~~~~~~~~~
compilation terminated.
configure:5449: $? = 1
configure: failed program was:
| /* confdefs.h */
| #define PACKAGE_NAME "DOMjudge"
| #define PACKAGE_TARNAME "domjudge"
| #define PACKAGE_VERSION "7.3.3"
| #define PACKAGE_STRING "DOMjudge 7.3.3"
| #define PACKAGE_BUGREPORT "domjudge-devel@domjudge.org"
| #define PACKAGE_URL ""
| #define DOMJUDGE_VERSION "7.3.3"
| /* end confdefs.h.  */
| #include <ac_nonexistent.h>
configure:5520: checking for a BSD-compatible install
configure:5588: result: /usr/bin/install -c
configure:5599: checking whether ln -s works
configure:5603: result: yes
configure:5610: checking whether make sets $(MAKE)
configure:5632: result: yes
configure:5641: checking for a thread-safe mkdir -p
configure:5680: result: /usr/bin/mkdir -p
configure:5685: checking for magic_open in -lmagic
configure:5710: gcc -o conftest -g -O1 -Wall -fstack-protector -D_FORTIFY_SOURCE=2 -fPIE -Wformat -Wformat-security -pedantic -std=c11  -fPIE -pie -Wl,-z,relro -Wl,-z,now conftest.c -lmagic   >&5
configure:5710: $? = 0
configure:5719: result: yes
configure:5740: checking for a sed that does not truncate output
configure:5804: result: /usr/bin/sed
configure:5813: checking for gawk
configure:5843: result: no
configure:5813: checking for mawk
configure:5829: found /usr/bin/mawk
configure:5840: result: mawk
configure:5911: checking for curl-config
configure:5929: found /usr/bin/curl-config
configure:5941: result: /usr/bin/curl-config
configure:5994: checking for curl (7.68.0) >= 7.9.7
configure:6029: result: yes
configure:6068: checking for grep that handles long lines and -e
configure:6126: result: /usr/bin/grep
configure:6131: checking for egrep
configure:6193: result: /usr/bin/grep -E
configure:6198: checking for ANSI C header files
configure:6218: gcc -c -g -O1 -Wall -fstack-protector -D_FORTIFY_SOURCE=2 -fPIE -Wformat -Wformat-security -pedantic -std=c11   conftest.c >&5
configure:6218: $? = 0
configure:6291: gcc -o conftest -g -O1 -Wall -fstack-protector -D_FORTIFY_SOURCE=2 -fPIE -Wformat -Wformat-security -pedantic -std=c11   -fPIE -pie -Wl,-z,relro -Wl,-z,now conftest.c  >&5
configure:6291: $? = 0
configure:6291: ./conftest
configure:6291: $? = 0
configure:6302: result: yes
configure:6315: checking for sys/types.h
configure:6315: gcc -c -g -O1 -Wall -fstack-protector -D_FORTIFY_SOURCE=2 -fPIE -Wformat -Wformat-security -pedantic -std=c11   conftest.c >&5
configure:6315: $? = 0
configure:6315: result: yes
configure:6315: checking for sys/stat.h
configure:6315: gcc -c -g -O1 -Wall -fstack-protector -D_FORTIFY_SOURCE=2 -fPIE -Wformat -Wformat-security -pedantic -std=c11   conftest.c >&5
configure:6315: $? = 0
configure:6315: result: yes
configure:6315: checking for stdlib.h
configure:6315: gcc -c -g -O1 -Wall -fstack-protector -D_FORTIFY_SOURCE=2 -fPIE -Wformat -Wformat-security -pedantic -std=c11   conftest.c >&5
configure:6315: $? = 0
configure:6315: result: yes
configure:6315: checking for string.h
configure:6315: gcc -c -g -O1 -Wall -fstack-protector -D_FORTIFY_SOURCE=2 -fPIE -Wformat -Wformat-security -pedantic -std=c11   conftest.c >&5
configure:6315: $? = 0
configure:6315: result: yes
configure:6315: checking for memory.h
configure:6315: gcc -c -g -O1 -Wall -fstack-protector -D_FORTIFY_SOURCE=2 -fPIE -Wformat -Wformat-security -pedantic -std=c11   conftest.c >&5
configure:6315: $? = 0
configure:6315: result: yes
configure:6315: checking for strings.h
configure:6315: gcc -c -g -O1 -Wall -fstack-protector -D_FORTIFY_SOURCE=2 -fPIE -Wformat -Wformat-security -pedantic -std=c11   conftest.c >&5
configure:6315: $? = 0
configure:6315: result: yes
configure:6315: checking for inttypes.h
configure:6315: gcc -c -g -O1 -Wall -fstack-protector -D_FORTIFY_SOURCE=2 -fPIE -Wformat -Wformat-security -pedantic -std=c11   conftest.c >&5
configure:6315: $? = 0
configure:6315: result: yes
configure:6315: checking for stdint.h
configure:6315: gcc -c -g -O1 -Wall -fstack-protector -D_FORTIFY_SOURCE=2 -fPIE -Wformat -Wformat-security -pedantic -std=c11   conftest.c >&5
configure:6315: $? = 0
configure:6315: result: yes
configure:6315: checking for unistd.h
configure:6315: gcc -c -g -O1 -Wall -fstack-protector -D_FORTIFY_SOURCE=2 -fPIE -Wformat -Wformat-security -pedantic -std=c11   conftest.c >&5
configure:6315: $? = 0
configure:6315: result: yes
configure:6329: checking curl/curl.h usability
configure:6329: gcc -c -g -O1 -Wall -fstack-protector -D_FORTIFY_SOURCE=2 -fPIE -Wformat -Wformat-security -pedantic -std=c11   conftest.c >&5
configure:6329: $? = 0
configure:6329: result: yes
configure:6329: checking curl/curl.h presence
configure:6329: gcc -E   conftest.c
configure:6329: $? = 0
configure:6329: result: yes
configure:6329: checking for curl/curl.h
configure:6329: result: yes
configure:6404: checking jsoncpp/json/json.h usability
configure:6404: g++ -c -g -O1 -Wall -fstack-protector -D_FORTIFY_SOURCE=2 -fPIE -Wformat -Wformat-security -pedantic -std=c++11  conftest.cpp >&5
configure:6404: $? = 0
configure:6404: result: yes
configure:6404: checking jsoncpp/json/json.h presence
configure:6404: g++ -E  conftest.cpp
configure:6404: $? = 0
configure:6404: result: yes
configure:6404: checking for jsoncpp/json/json.h
configure:6404: result: yes
configure:6483: checking for stdbool.h that conforms to C99
configure:6550: gcc -c -g -O1 -Wall -fstack-protector -D_FORTIFY_SOURCE=2 -fPIE -Wformat -Wformat-security -pedantic -std=c11  conftest.c >&5
conftest.c: In function 'main':
conftest.c:73:14: warning: the address of 's' will always evaluate as 'true' [-Waddress]
   73 |              bool e = &s;
      |              ^~~~
conftest.c:77:22: warning: the address of 'a' will always evaluate as 'true' [-Waddress]
   77 |              return (!a + !b + !c + !d + !e + !f + !g + !h + !i + !!j + !k + !!l
      |                      ^
conftest.c:77:27: warning: the address of 'b' will always evaluate as 'true' [-Waddress]
   77 |              return (!a + !b + !c + !d + !e + !f + !g + !h + !i + !!j + !k + !!l
      |                           ^
conftest.c:77:32: warning: the address of 'c' will always evaluate as 'true' [-Waddress]
   77 |              return (!a + !b + !c + !d + !e + !f + !g + !h + !i + !!j + !k + !!l
      |                                ^
conftest.c:77:37: warning: the address of 'd' will always evaluate as 'true' [-Waddress]
   77 |              return (!a + !b + !c + !d + !e + !f + !g + !h + !i + !!j + !k + !!l
      |                                     ^
conftest.c:77:47: warning: the address of 'f' will always evaluate as 'true' [-Waddress]
   77 |              return (!a + !b + !c + !d + !e + !f + !g + !h + !i + !!j + !k + !!l
      |                                               ^
conftest.c:77:52: warning: the address of 'g' will always evaluate as 'true' [-Waddress]
   77 |              return (!a + !b + !c + !d + !e + !f + !g + !h + !i + !!j + !k + !!l
      |                                                    ^
conftest.c:77:57: warning: the address of 'h' will always evaluate as 'true' [-Waddress]
   77 |              return (!a + !b + !c + !d + !e + !f + !g + !h + !i + !!j + !k + !!l
      |                                                         ^
conftest.c:77:62: warning: the address of 'i' will always evaluate as 'true' [-Waddress]
   77 |              return (!a + !b + !c + !d + !e + !f + !g + !h + !i + !!j + !k + !!l
      |                                                              ^
conftest.c:78:29: warning: the address of 'n' will always evaluate as 'true' [-Waddress]
   78 |                      + !m + !n + !o + !p + !q + !pq);
      |                             ^
conftest.c:78:34: warning: the address of 'o' will always evaluate as 'true' [-Waddress]
   78 |                      + !m + !n + !o + !p + !q + !pq);
      |                                  ^
conftest.c:78:39: warning: the address of 'p' will always evaluate as 'true' [-Waddress]
   78 |                      + !m + !n + !o + !p + !q + !pq);
      |                                       ^
configure:6550: $? = 0
configure:6557: result: yes
configure:6559: checking for _Bool
configure:6559: gcc -c -g -O1 -Wall -fstack-protector -D_FORTIFY_SOURCE=2 -fPIE -Wformat -Wformat-security -pedantic -std=c11  conftest.c >&5
configure:6559: $? = 0
configure:6559: gcc -c -g -O1 -Wall -fstack-protector -D_FORTIFY_SOURCE=2 -fPIE -Wformat -Wformat-security -pedantic -std=c11  conftest.c >&5
conftest.c: In function 'main':
conftest.c:60:20: error: expected expression before ')' token
   60 | if (sizeof ((_Bool)))
      |                    ^
configure:6559: $? = 1
configure: failed program was:
| /* confdefs.h */
| #define PACKAGE_NAME "DOMjudge"
| #define PACKAGE_TARNAME "domjudge"
| #define PACKAGE_VERSION "7.3.3"
| #define PACKAGE_STRING "DOMjudge 7.3.3"
| #define PACKAGE_BUGREPORT "domjudge-devel@domjudge.org"
| #define PACKAGE_URL ""
| #define DOMJUDGE_VERSION "7.3.3"
| #define STDC_HEADERS 1
| #define HAVE_SYS_TYPES_H 1
| #define HAVE_SYS_STAT_H 1
| #define HAVE_STDLIB_H 1
| #define HAVE_STRING_H 1
| #define HAVE_MEMORY_H 1
| #define HAVE_STRINGS_H 1
| #define HAVE_INTTYPES_H 1
| #define HAVE_STDINT_H 1
| #define HAVE_UNISTD_H 1
| #define HAVE_CURL_CURL_H 1
| #define HAVE_JSONCPP_JSON_JSON_H 1
| #define _POSIX_C_SOURCE 200809L
| #define _XOPEN_SOURCE 500
| /* end confdefs.h.  */
| #include <stdio.h>
| #ifdef HAVE_SYS_TYPES_H
| # include <sys/types.h>
| #endif
| #ifdef HAVE_SYS_STAT_H
| # include <sys/stat.h>
| #endif
| #ifdef STDC_HEADERS
| # include <stdlib.h>
| # include <stddef.h>
| #else
| # ifdef HAVE_STDLIB_H
| #  include <stdlib.h>
| # endif
| #endif
| #ifdef HAVE_STRING_H
| # if !defined STDC_HEADERS && defined HAVE_MEMORY_H
| #  include <memory.h>
| # endif
| # include <string.h>
| #endif
| #ifdef HAVE_STRINGS_H
| # include <strings.h>
| #endif
| #ifdef HAVE_INTTYPES_H
| # include <inttypes.h>
| #endif
| #ifdef HAVE_STDINT_H
| # include <stdint.h>
| #endif
| #ifdef HAVE_UNISTD_H
| # include <unistd.h>
| #endif
| int
| main ()
| {
| if (sizeof ((_Bool)))
| 	    return 0;
|   ;
|   return 0;
| }
configure:6559: result: yes
configure:6579: checking fcntl.h usability
configure:6579: gcc -c -g -O1 -Wall -fstack-protector -D_FORTIFY_SOURCE=2 -fPIE -Wformat -Wformat-security -pedantic -std=c11  conftest.c >&5
configure:6579: $? = 0
configure:6579: result: yes
configure:6579: checking fcntl.h presence
configure:6579: gcc -E  conftest.c
configure:6579: $? = 0
configure:6579: result: yes
configure:6579: checking for fcntl.h
configure:6579: result: yes
configure:6579: checking for stdlib.h
configure:6579: result: yes
configure:6579: checking for string.h
configure:6579: result: yes
configure:6579: checking sys/param.h usability
configure:6579: gcc -c -g -O1 -Wall -fstack-protector -D_FORTIFY_SOURCE=2 -fPIE -Wformat -Wformat-security -pedantic -std=c11  conftest.c >&5
configure:6579: $? = 0
configure:6579: result: yes
configure:6579: checking sys/param.h presence
configure:6579: gcc -E  conftest.c
configure:6579: $? = 0
configure:6579: result: yes
configure:6579: checking for sys/param.h
configure:6579: result: yes
configure:6579: checking sys/time.h usability
configure:6579: gcc -c -g -O1 -Wall -fstack-protector -D_FORTIFY_SOURCE=2 -fPIE -Wformat -Wformat-security -pedantic -std=c11  conftest.c >&5
configure:6579: $? = 0
configure:6579: result: yes
configure:6579: checking sys/time.h presence
configure:6579: gcc -E  conftest.c
configure:6579: $? = 0
configure:6579: result: yes
configure:6579: checking for sys/time.h
configure:6579: result: yes
configure:6579: checking syslog.h usability
configure:6579: gcc -c -g -O1 -Wall -fstack-protector -D_FORTIFY_SOURCE=2 -fPIE -Wformat -Wformat-security -pedantic -std=c11  conftest.c >&5
configure:6579: $? = 0
configure:6579: result: yes
configure:6579: checking syslog.h presence
configure:6579: gcc -E  conftest.c
configure:6579: $? = 0
configure:6579: result: yes
configure:6579: checking for syslog.h
configure:6579: result: yes
configure:6579: checking termios.h usability
configure:6579: gcc -c -g -O1 -Wall -fstack-protector -D_FORTIFY_SOURCE=2 -fPIE -Wformat -Wformat-security -pedantic -std=c11  conftest.c >&5
configure:6579: $? = 0
configure:6579: result: yes
configure:6579: checking termios.h presence
configure:6579: gcc -E  conftest.c
configure:6579: $? = 0
configure:6579: result: yes
configure:6579: checking for termios.h
configure:6579: result: yes
configure:6579: checking for unistd.h
configure:6579: result: yes
configure:6579: checking magic.h usability
configure:6579: gcc -c -g -O1 -Wall -fstack-protector -D_FORTIFY_SOURCE=2 -fPIE -Wformat -Wformat-security -pedantic -std=c11  conftest.c >&5
configure:6579: $? = 0
configure:6579: result: yes
configure:6579: checking magic.h presence
configure:6579: gcc -E  conftest.c
configure:6579: $? = 0
configure:6579: result: yes
configure:6579: checking for magic.h
configure:6579: result: yes
configure:6579: checking libcgroup.h usability
configure:6579: gcc -c -g -O1 -Wall -fstack-protector -D_FORTIFY_SOURCE=2 -fPIE -Wformat -Wformat-security -pedantic -std=c11  conftest.c >&5
configure:6579: $? = 0
configure:6579: result: yes
configure:6579: checking libcgroup.h presence
configure:6579: gcc -E  conftest.c
configure:6579: $? = 0
configure:6579: result: yes
configure:6579: checking for libcgroup.h
configure:6579: result: yes
configure:6591: checking for inline
configure:6607: gcc -c -g -O1 -Wall -fstack-protector -D_FORTIFY_SOURCE=2 -fPIE -Wformat -Wformat-security -pedantic -std=c11  conftest.c >&5
configure:6607: $? = 0
configure:6615: result: inline
configure:6633: checking for pid_t
configure:6633: gcc -c -g -O1 -Wall -fstack-protector -D_FORTIFY_SOURCE=2 -fPIE -Wformat -Wformat-security -pedantic -std=c11  conftest.c >&5
configure:6633: $? = 0
configure:6633: gcc -c -g -O1 -Wall -fstack-protector -D_FORTIFY_SOURCE=2 -fPIE -Wformat -Wformat-security -pedantic -std=c11  conftest.c >&5
conftest.c: In function 'main':
conftest.c:72:20: error: expected expression before ')' token
   72 | if (sizeof ((pid_t)))
      |                    ^
configure:6633: $? = 1
configure: failed program was:
| /* confdefs.h */
| #define PACKAGE_NAME "DOMjudge"
| #define PACKAGE_TARNAME "domjudge"
| #define PACKAGE_VERSION "7.3.3"
| #define PACKAGE_STRING "DOMjudge 7.3.3"
| #define PACKAGE_BUGREPORT "domjudge-devel@domjudge.org"
| #define PACKAGE_URL ""
| #define DOMJUDGE_VERSION "7.3.3"
| #define STDC_HEADERS 1
| #define HAVE_SYS_TYPES_H 1
| #define HAVE_SYS_STAT_H 1
| #define HAVE_STDLIB_H 1
| #define HAVE_STRING_H 1
| #define HAVE_MEMORY_H 1
| #define HAVE_STRINGS_H 1
| #define HAVE_INTTYPES_H 1
| #define HAVE_STDINT_H 1
| #define HAVE_UNISTD_H 1
| #define HAVE_CURL_CURL_H 1
| #define HAVE_JSONCPP_JSON_JSON_H 1
| #define _POSIX_C_SOURCE 200809L
| #define _XOPEN_SOURCE 500
| #define HAVE__BOOL 1
| #define HAVE_STDBOOL_H 1
| #define HAVE_FCNTL_H 1
| #define HAVE_STDLIB_H 1
| #define HAVE_STRING_H 1
| #define HAVE_SYS_PARAM_H 1
| #define HAVE_SYS_TIME_H 1
| #define HAVE_SYSLOG_H 1
| #define HAVE_TERMIOS_H 1
| #define HAVE_UNISTD_H 1
| #define HAVE_MAGIC_H 1
| #define HAVE_LIBCGROUP_H 1
| /* end confdefs.h.  */
| #include <stdio.h>
| #ifdef HAVE_SYS_TYPES_H
| # include <sys/types.h>
| #endif
| #ifdef HAVE_SYS_STAT_H
| # include <sys/stat.h>
| #endif
| #ifdef STDC_HEADERS
| # include <stdlib.h>
| # include <stddef.h>
| #else
| # ifdef HAVE_STDLIB_H
| #  include <stdlib.h>
| # endif
| #endif
| #ifdef HAVE_STRING_H
| # if !defined STDC_HEADERS && defined HAVE_MEMORY_H
| #  include <memory.h>
| # endif
| # include <string.h>
| #endif
| #ifdef HAVE_STRINGS_H
| # include <strings.h>
| #endif
| #ifdef HAVE_INTTYPES_H
| # include <inttypes.h>
| #endif
| #ifdef HAVE_STDINT_H
| # include <stdint.h>
| #endif
| #ifdef HAVE_UNISTD_H
| # include <unistd.h>
| #endif
| int
| main ()
| {
| if (sizeof ((pid_t)))
| 	    return 0;
|   ;
|   return 0;
| }
configure:6633: result: yes
configure:6644: checking for size_t
configure:6644: gcc -c -g -O1 -Wall -fstack-protector -D_FORTIFY_SOURCE=2 -fPIE -Wformat -Wformat-security -pedantic -std=c11  conftest.c >&5
configure:6644: $? = 0
configure:6644: gcc -c -g -O1 -Wall -fstack-protector -D_FORTIFY_SOURCE=2 -fPIE -Wformat -Wformat-security -pedantic -std=c11  conftest.c >&5
conftest.c: In function 'main':
conftest.c:72:21: error: expected expression before ')' token
   72 | if (sizeof ((size_t)))
      |                     ^
configure:6644: $? = 1
configure: failed program was:
| /* confdefs.h */
| #define PACKAGE_NAME "DOMjudge"
| #define PACKAGE_TARNAME "domjudge"
| #define PACKAGE_VERSION "7.3.3"
| #define PACKAGE_STRING "DOMjudge 7.3.3"
| #define PACKAGE_BUGREPORT "domjudge-devel@domjudge.org"
| #define PACKAGE_URL ""
| #define DOMJUDGE_VERSION "7.3.3"
| #define STDC_HEADERS 1
| #define HAVE_SYS_TYPES_H 1
| #define HAVE_SYS_STAT_H 1
| #define HAVE_STDLIB_H 1
| #define HAVE_STRING_H 1
| #define HAVE_MEMORY_H 1
| #define HAVE_STRINGS_H 1
| #define HAVE_INTTYPES_H 1
| #define HAVE_STDINT_H 1
| #define HAVE_UNISTD_H 1
| #define HAVE_CURL_CURL_H 1
| #define HAVE_JSONCPP_JSON_JSON_H 1
| #define _POSIX_C_SOURCE 200809L
| #define _XOPEN_SOURCE 500
| #define HAVE__BOOL 1
| #define HAVE_STDBOOL_H 1
| #define HAVE_FCNTL_H 1
| #define HAVE_STDLIB_H 1
| #define HAVE_STRING_H 1
| #define HAVE_SYS_PARAM_H 1
| #define HAVE_SYS_TIME_H 1
| #define HAVE_SYSLOG_H 1
| #define HAVE_TERMIOS_H 1
| #define HAVE_UNISTD_H 1
| #define HAVE_MAGIC_H 1
| #define HAVE_LIBCGROUP_H 1
| /* end confdefs.h.  */
| #include <stdio.h>
| #ifdef HAVE_SYS_TYPES_H
| # include <sys/types.h>
| #endif
| #ifdef HAVE_SYS_STAT_H
| # include <sys/stat.h>
| #endif
| #ifdef STDC_HEADERS
| # include <stdlib.h>
| # include <stddef.h>
| #else
| # ifdef HAVE_STDLIB_H
| #  include <stdlib.h>
| # endif
| #endif
| #ifdef HAVE_STRING_H
| # if !defined STDC_HEADERS && defined HAVE_MEMORY_H
| #  include <memory.h>
| # endif
| # include <string.h>
| #endif
| #ifdef HAVE_STRINGS_H
| # include <strings.h>
| #endif
| #ifdef HAVE_INTTYPES_H
| # include <inttypes.h>
| #endif
| #ifdef HAVE_STDINT_H
| # include <stdint.h>
| #endif
| #ifdef HAVE_UNISTD_H
| # include <unistd.h>
| #endif
| int
| main ()
| {
| if (sizeof ((size_t)))
| 	    return 0;
|   ;
|   return 0;
| }
configure:6644: result: yes
configure:6655: checking for ssize_t
configure:6655: gcc -c -g -O1 -Wall -fstack-protector -D_FORTIFY_SOURCE=2 -fPIE -Wformat -Wformat-security -pedantic -std=c11  conftest.c >&5
configure:6655: $? = 0
configure:6655: gcc -c -g -O1 -Wall -fstack-protector -D_FORTIFY_SOURCE=2 -fPIE -Wformat -Wformat-security -pedantic -std=c11  conftest.c >&5
conftest.c: In function 'main':
conftest.c:72:22: error: expected expression before ')' token
   72 | if (sizeof ((ssize_t)))
      |                      ^
configure:6655: $? = 1
configure: failed program was:
| /* confdefs.h */
| #define PACKAGE_NAME "DOMjudge"
| #define PACKAGE_TARNAME "domjudge"
| #define PACKAGE_VERSION "7.3.3"
| #define PACKAGE_STRING "DOMjudge 7.3.3"
| #define PACKAGE_BUGREPORT "domjudge-devel@domjudge.org"
| #define PACKAGE_URL ""
| #define DOMJUDGE_VERSION "7.3.3"
| #define STDC_HEADERS 1
| #define HAVE_SYS_TYPES_H 1
| #define HAVE_SYS_STAT_H 1
| #define HAVE_STDLIB_H 1
| #define HAVE_STRING_H 1
| #define HAVE_MEMORY_H 1
| #define HAVE_STRINGS_H 1
| #define HAVE_INTTYPES_H 1
| #define HAVE_STDINT_H 1
| #define HAVE_UNISTD_H 1
| #define HAVE_CURL_CURL_H 1
| #define HAVE_JSONCPP_JSON_JSON_H 1
| #define _POSIX_C_SOURCE 200809L
| #define _XOPEN_SOURCE 500
| #define HAVE__BOOL 1
| #define HAVE_STDBOOL_H 1
| #define HAVE_FCNTL_H 1
| #define HAVE_STDLIB_H 1
| #define HAVE_STRING_H 1
| #define HAVE_SYS_PARAM_H 1
| #define HAVE_SYS_TIME_H 1
| #define HAVE_SYSLOG_H 1
| #define HAVE_TERMIOS_H 1
| #define HAVE_UNISTD_H 1
| #define HAVE_MAGIC_H 1
| #define HAVE_LIBCGROUP_H 1
| /* end confdefs.h.  */
| #include <stdio.h>
| #ifdef HAVE_SYS_TYPES_H
| # include <sys/types.h>
| #endif
| #ifdef HAVE_SYS_STAT_H
| # include <sys/stat.h>
| #endif
| #ifdef STDC_HEADERS
| # include <stdlib.h>
| # include <stddef.h>
| #else
| # ifdef HAVE_STDLIB_H
| #  include <stdlib.h>
| # endif
| #endif
| #ifdef HAVE_STRING_H
| # if !defined STDC_HEADERS && defined HAVE_MEMORY_H
| #  include <memory.h>
| # endif
| # include <string.h>
| #endif
| #ifdef HAVE_STRINGS_H
| # include <strings.h>
| #endif
| #ifdef HAVE_INTTYPES_H
| # include <inttypes.h>
| #endif
| #ifdef HAVE_STDINT_H
| # include <stdint.h>
| #endif
| #ifdef HAVE_UNISTD_H
| # include <unistd.h>
| #endif
| int
| main ()
| {
| if (sizeof ((ssize_t)))
| 	    return 0;
|   ;
|   return 0;
| }
configure:6655: result: yes
configure:6668: checking for error_at_line
configure:6684: gcc -o conftest -g -O1 -Wall -fstack-protector -D_FORTIFY_SOURCE=2 -fPIE -Wformat -Wformat-security -pedantic -std=c11  -fPIE -pie -Wl,-z,relro -Wl,-z,now conftest.c  >&5
configure:6684: $? = 0
configure:6692: result: yes
configure:6705: checking vfork.h usability
configure:6705: gcc -c -g -O1 -Wall -fstack-protector -D_FORTIFY_SOURCE=2 -fPIE -Wformat -Wformat-security -pedantic -std=c11  conftest.c >&5
conftest.c:69:10: fatal error: vfork.h: No such file or directory
   69 | #include <vfork.h>
      |          ^~~~~~~~~
compilation terminated.
configure:6705: $? = 1
configure: failed program was:
| /* confdefs.h */
| #define PACKAGE_NAME "DOMjudge"
| #define PACKAGE_TARNAME "domjudge"
| #define PACKAGE_VERSION "7.3.3"
| #define PACKAGE_STRING "DOMjudge 7.3.3"
| #define PACKAGE_BUGREPORT "domjudge-devel@domjudge.org"
| #define PACKAGE_URL ""
| #define DOMJUDGE_VERSION "7.3.3"
| #define STDC_HEADERS 1
| #define HAVE_SYS_TYPES_H 1
| #define HAVE_SYS_STAT_H 1
| #define HAVE_STDLIB_H 1
| #define HAVE_STRING_H 1
| #define HAVE_MEMORY_H 1
| #define HAVE_STRINGS_H 1
| #define HAVE_INTTYPES_H 1
| #define HAVE_STDINT_H 1
| #define HAVE_UNISTD_H 1
| #define HAVE_CURL_CURL_H 1
| #define HAVE_JSONCPP_JSON_JSON_H 1
| #define _POSIX_C_SOURCE 200809L
| #define _XOPEN_SOURCE 500
| #define HAVE__BOOL 1
| #define HAVE_STDBOOL_H 1
| #define HAVE_FCNTL_H 1
| #define HAVE_STDLIB_H 1
| #define HAVE_STRING_H 1
| #define HAVE_SYS_PARAM_H 1
| #define HAVE_SYS_TIME_H 1
| #define HAVE_SYSLOG_H 1
| #define HAVE_TERMIOS_H 1
| #define HAVE_UNISTD_H 1
| #define HAVE_MAGIC_H 1
| #define HAVE_LIBCGROUP_H 1
| /* end confdefs.h.  */
| #include <stdio.h>
| #ifdef HAVE_SYS_TYPES_H
| # include <sys/types.h>
| #endif
| #ifdef HAVE_SYS_STAT_H
| # include <sys/stat.h>
| #endif
| #ifdef STDC_HEADERS
| # include <stdlib.h>
| # include <stddef.h>
| #else
| # ifdef HAVE_STDLIB_H
| #  include <stdlib.h>
| # endif
| #endif
| #ifdef HAVE_STRING_H
| # if !defined STDC_HEADERS && defined HAVE_MEMORY_H
| #  include <memory.h>
| # endif
| # include <string.h>
| #endif
| #ifdef HAVE_STRINGS_H
| # include <strings.h>
| #endif
| #ifdef HAVE_INTTYPES_H
| # include <inttypes.h>
| #endif
| #ifdef HAVE_STDINT_H
| # include <stdint.h>
| #endif
| #ifdef HAVE_UNISTD_H
| # include <unistd.h>
| #endif
| #include <vfork.h>
configure:6705: result: no
configure:6705: checking vfork.h presence
configure:6705: gcc -E  conftest.c
conftest.c:36:10: fatal error: vfork.h: No such file or directory
   36 | #include <vfork.h>
      |          ^~~~~~~~~
compilation terminated.
configure:6705: $? = 1
configure: failed program was:
| /* confdefs.h */
| #define PACKAGE_NAME "DOMjudge"
| #define PACKAGE_TARNAME "domjudge"
| #define PACKAGE_VERSION "7.3.3"
| #define PACKAGE_STRING "DOMjudge 7.3.3"
| #define PACKAGE_BUGREPORT "domjudge-devel@domjudge.org"
| #define PACKAGE_URL ""
| #define DOMJUDGE_VERSION "7.3.3"
| #define STDC_HEADERS 1
| #define HAVE_SYS_TYPES_H 1
| #define HAVE_SYS_STAT_H 1
| #define HAVE_STDLIB_H 1
| #define HAVE_STRING_H 1
| #define HAVE_MEMORY_H 1
| #define HAVE_STRINGS_H 1
| #define HAVE_INTTYPES_H 1
| #define HAVE_STDINT_H 1
| #define HAVE_UNISTD_H 1
| #define HAVE_CURL_CURL_H 1
| #define HAVE_JSONCPP_JSON_JSON_H 1
| #define _POSIX_C_SOURCE 200809L
| #define _XOPEN_SOURCE 500
| #define HAVE__BOOL 1
| #define HAVE_STDBOOL_H 1
| #define HAVE_FCNTL_H 1
| #define HAVE_STDLIB_H 1
| #define HAVE_STRING_H 1
| #define HAVE_SYS_PARAM_H 1
| #define HAVE_SYS_TIME_H 1
| #define HAVE_SYSLOG_H 1
| #define HAVE_TERMIOS_H 1
| #define HAVE_UNISTD_H 1
| #define HAVE_MAGIC_H 1
| #define HAVE_LIBCGROUP_H 1
| /* end confdefs.h.  */
| #include <vfork.h>
configure:6705: result: no
configure:6705: checking for vfork.h
configure:6705: result: no
configure:6718: checking for fork
configure:6718: gcc -o conftest -g -O1 -Wall -fstack-protector -D_FORTIFY_SOURCE=2 -fPIE -Wformat -Wformat-security -pedantic -std=c11  -fPIE -pie -Wl,-z,relro -Wl,-z,now conftest.c  >&5
configure:6718: $? = 0
configure:6718: result: yes
configure:6718: checking for vfork
configure:6718: gcc -o conftest -g -O1 -Wall -fstack-protector -D_FORTIFY_SOURCE=2 -fPIE -Wformat -Wformat-security -pedantic -std=c11  -fPIE -pie -Wl,-z,relro -Wl,-z,now conftest.c  >&5
configure:6718: $? = 0
configure:6718: result: yes
configure:6728: checking for working fork
configure:6750: gcc -o conftest -g -O1 -Wall -fstack-protector -D_FORTIFY_SOURCE=2 -fPIE -Wformat -Wformat-security -pedantic -std=c11  -fPIE -pie -Wl,-z,relro -Wl,-z,now conftest.c  >&5
configure:6750: $? = 0
configure:6750: ./conftest
configure:6750: $? = 0
configure:6760: result: yes
configure:6781: checking for working vfork
configure:6891: result: yes
configure:6918: checking for stdlib.h
configure:6918: result: yes
configure:6928: checking for GNU libc compatible malloc
configure:6952: gcc -o conftest -g -O1 -Wall -fstack-protector -D_FORTIFY_SOURCE=2 -fPIE -Wformat -Wformat-security -pedantic -std=c11  -fPIE -pie -Wl,-z,relro -Wl,-z,now conftest.c  >&5
configure:6952: $? = 0
configure:6952: ./conftest
configure:6952: $? = 0
configure:6962: result: yes
configure:6985: checking for stdlib.h
configure:6985: result: yes
configure:6995: checking for GNU libc compatible realloc
configure:7019: gcc -o conftest -g -O1 -Wall -fstack-protector -D_FORTIFY_SOURCE=2 -fPIE -Wformat -Wformat-security -pedantic -std=c11  -fPIE -pie -Wl,-z,relro -Wl,-z,now conftest.c  >&5
configure:7019: $? = 0
configure:7019: ./conftest
configure:7019: $? = 0
configure:7029: result: yes
configure:7050: checking for working strtod
configure:7091: gcc -o conftest -g -O1 -Wall -fstack-protector -D_FORTIFY_SOURCE=2 -fPIE -Wformat -Wformat-security -pedantic -std=c11  -fPIE -pie -Wl,-z,relro -Wl,-z,now conftest.c  >&5
configure:7091: $? = 0
configure:7091: ./conftest
configure:7091: $? = 0
configure:7101: result: yes
configure:7163: checking for atexit
configure:7163: gcc -o conftest -g -O1 -Wall -fstack-protector -D_FORTIFY_SOURCE=2 -fPIE -Wformat -Wformat-security -pedantic -std=c11  -fPIE -pie -Wl,-z,relro -Wl,-z,now conftest.c  >&5
configure:7163: $? = 0
configure:7163: result: yes
configure:7176: checking for dup2
configure:7176: gcc -o conftest -g -O1 -Wall -fstack-protector -D_FORTIFY_SOURCE=2 -fPIE -Wformat -Wformat-security -pedantic -std=c11  -fPIE -pie -Wl,-z,relro -Wl,-z,now conftest.c  >&5
configure:7176: $? = 0
configure:7176: result: yes
configure:7189: checking for getcwd
configure:7189: gcc -o conftest -g -O1 -Wall -fstack-protector -D_FORTIFY_SOURCE=2 -fPIE -Wformat -Wformat-security -pedantic -std=c11  -fPIE -pie -Wl,-z,relro -Wl,-z,now conftest.c  >&5
configure:7189: $? = 0
configure:7189: result: yes
configure:7202: checking for gettimeofday
configure:7202: gcc -o conftest -g -O1 -Wall -fstack-protector -D_FORTIFY_SOURCE=2 -fPIE -Wformat -Wformat-security -pedantic -std=c11  -fPIE -pie -Wl,-z,relro -Wl,-z,now conftest.c  >&5
configure:7202: $? = 0
configure:7202: result: yes
configure:7215: checking for memset
configure:7215: gcc -o conftest -g -O1 -Wall -fstack-protector -D_FORTIFY_SOURCE=2 -fPIE -Wformat -Wformat-security -pedantic -std=c11  -fPIE -pie -Wl,-z,relro -Wl,-z,now conftest.c  >&5
conftest.c:71:6: warning: conflicting types for built-in function 'memset'; expected 'void *(void *, int,  long unsigned int)' [-Wbuiltin-declaration-mismatch]
   71 | char memset ();
      |      ^~~~~~
conftest.c:59:1: note: 'memset' is declared in header '<string.h>'
   58 | # include <limits.h>
   59 | #else
configure:7215: $? = 0
configure:7215: result: yes
configure:7228: checking for mkdir
configure:7228: gcc -o conftest -g -O1 -Wall -fstack-protector -D_FORTIFY_SOURCE=2 -fPIE -Wformat -Wformat-security -pedantic -std=c11  -fPIE -pie -Wl,-z,relro -Wl,-z,now conftest.c  >&5
configure:7228: $? = 0
configure:7228: result: yes
configure:7241: checking for realpath
configure:7241: gcc -o conftest -g -O1 -Wall -fstack-protector -D_FORTIFY_SOURCE=2 -fPIE -Wformat -Wformat-security -pedantic -std=c11  -fPIE -pie -Wl,-z,relro -Wl,-z,now conftest.c  >&5
configure:7241: $? = 0
configure:7241: result: yes
configure:7254: checking for setenv
configure:7254: gcc -o conftest -g -O1 -Wall -fstack-protector -D_FORTIFY_SOURCE=2 -fPIE -Wformat -Wformat-security -pedantic -std=c11  -fPIE -pie -Wl,-z,relro -Wl,-z,now conftest.c  >&5
configure:7254: $? = 0
configure:7254: result: yes
configure:7267: checking for socket
configure:7267: gcc -o conftest -g -O1 -Wall -fstack-protector -D_FORTIFY_SOURCE=2 -fPIE -Wformat -Wformat-security -pedantic -std=c11  -fPIE -pie -Wl,-z,relro -Wl,-z,now conftest.c  >&5
configure:7267: $? = 0
configure:7267: result: yes
configure:7280: checking for strchr
configure:7280: gcc -o conftest -g -O1 -Wall -fstack-protector -D_FORTIFY_SOURCE=2 -fPIE -Wformat -Wformat-security -pedantic -std=c11  -fPIE -pie -Wl,-z,relro -Wl,-z,now conftest.c  >&5
conftest.c:76:6: warning: conflicting types for built-in function 'strchr'; expected 'char *(const char *, int)' [-Wbuiltin-declaration-mismatch]
   76 | char strchr ();
      |      ^~~~~~
conftest.c:64:1: note: 'strchr' is declared in header '<string.h>'
   63 | # include <limits.h>
   64 | #else
configure:7280: $? = 0
configure:7280: result: yes
configure:7293: checking for strdup
configure:7293: gcc -o conftest -g -O1 -Wall -fstack-protector -D_FORTIFY_SOURCE=2 -fPIE -Wformat -Wformat-security -pedantic -std=c11  -fPIE -pie -Wl,-z,relro -Wl,-z,now conftest.c  >&5
configure:7293: $? = 0
configure:7293: result: yes
configure:7306: checking for strerror
configure:7306: gcc -o conftest -g -O1 -Wall -fstack-protector -D_FORTIFY_SOURCE=2 -fPIE -Wformat -Wformat-security -pedantic -std=c11  -fPIE -pie -Wl,-z,relro -Wl,-z,now conftest.c  >&5
configure:7306: $? = 0
configure:7306: result: yes
configure:7319: checking for strncasecmp
configure:7319: gcc -o conftest -g -O1 -Wall -fstack-protector -D_FORTIFY_SOURCE=2 -fPIE -Wformat -Wformat-security -pedantic -std=c11  -fPIE -pie -Wl,-z,relro -Wl,-z,now conftest.c  >&5
configure:7319: $? = 0
configure:7319: result: yes
configure:7332: checking for strrchr
configure:7332: gcc -o conftest -g -O1 -Wall -fstack-protector -D_FORTIFY_SOURCE=2 -fPIE -Wformat -Wformat-security -pedantic -std=c11  -fPIE -pie -Wl,-z,relro -Wl,-z,now conftest.c  >&5
conftest.c:80:6: warning: conflicting types for built-in function 'strrchr'; expected 'char *(const char *, int)' [-Wbuiltin-declaration-mismatch]
   80 | char strrchr ();
      |      ^~~~~~~
conftest.c:68:1: note: 'strrchr' is declared in header '<string.h>'
   67 | # include <limits.h>
   68 | #else
configure:7332: $? = 0
configure:7332: result: yes
configure:7345: checking for strstr
configure:7345: gcc -o conftest -g -O1 -Wall -fstack-protector -D_FORTIFY_SOURCE=2 -fPIE -Wformat -Wformat-security -pedantic -std=c11  -fPIE -pie -Wl,-z,relro -Wl,-z,now conftest.c  >&5
conftest.c:81:6: warning: conflicting types for built-in function 'strstr'; expected 'char *(const char *, const char *)' [-Wbuiltin-declaration-mismatch]
   81 | char strstr ();
      |      ^~~~~~
conftest.c:69:1: note: 'strstr' is declared in header '<string.h>'
   68 | # include <limits.h>
   69 | #else
configure:7345: $? = 0
configure:7345: result: yes
configure:7358: checking for strtol
configure:7358: gcc -o conftest -g -O1 -Wall -fstack-protector -D_FORTIFY_SOURCE=2 -fPIE -Wformat -Wformat-security -pedantic -std=c11  -fPIE -pie -Wl,-z,relro -Wl,-z,now conftest.c  >&5
configure:7358: $? = 0
configure:7358: result: yes
configure:7481: creating ./config.status

## ---------------------- ##
## Running config.status. ##
## ---------------------- ##

This file was extended by DOMjudge config.status 7.3.3, which was
generated by GNU Autoconf 2.69.  Invocation command line was

  CONFIG_FILES    = 
  CONFIG_HEADERS  = 
  CONFIG_LINKS    = 
  CONFIG_COMMANDS = 
  $ ./config.status 

on domjudge-contributor

config.status:892: creating paths.mk
config.status:892: creating etc/config.h
config.status:1073: etc/config.h is unchanged

## ---------------- ##
## Cache variables. ##
## ---------------- ##

ac_cv_c_compiler_gnu=yes
ac_cv_c_inline=inline
ac_cv_cxx_compiler_gnu=yes
ac_cv_env_CCC_set=
ac_cv_env_CCC_value=
ac_cv_env_CC_set=
ac_cv_env_CC_value=
ac_cv_env_CFLAGS_set=set
ac_cv_env_CFLAGS_value='-g -O1 -Wall -fstack-protector -D_FORTIFY_SOURCE=2 -fPIE -Wformat -Wformat-security -pedantic -std=c11'
ac_cv_env_CPPFLAGS_set=
ac_cv_env_CPPFLAGS_value=
ac_cv_env_CPP_set=
ac_cv_env_CPP_value=
ac_cv_env_CURL_CFLAGS_set=
ac_cv_env_CURL_CFLAGS_value=
ac_cv_env_CURL_CONFIG_set=
ac_cv_env_CURL_CONFIG_value=
ac_cv_env_CURL_LIBS_set=
ac_cv_env_CURL_LIBS_value=
ac_cv_env_CXXCPP_set=
ac_cv_env_CXXCPP_value=
ac_cv_env_CXXFLAGS_set=set
ac_cv_env_CXXFLAGS_value='-g -O1 -Wall -fstack-protector -D_FORTIFY_SOURCE=2 -fPIE -Wformat -Wformat-security -pedantic -std=c++11'
ac_cv_env_CXX_set=
ac_cv_env_CXX_value=
ac_cv_env_LDFLAGS_set=set
ac_cv_env_LDFLAGS_value='-fPIE -pie -Wl,-z,relro -Wl,-z,now'
ac_cv_env_LIBS_set=
ac_cv_env_LIBS_value=
ac_cv_env_build_alias_set=
ac_cv_env_build_alias_value=
ac_cv_env_host_alias_set=
ac_cv_env_host_alias_value=
ac_cv_env_target_alias_set=
ac_cv_env_target_alias_value=
ac_cv_func_atexit=yes
ac_cv_func_dup2=yes
ac_cv_func_fork=yes
ac_cv_func_fork_works=yes
ac_cv_func_getcwd=yes
ac_cv_func_gettimeofday=yes
ac_cv_func_malloc_0_nonnull=yes
ac_cv_func_memset=yes
ac_cv_func_mkdir=yes
ac_cv_func_realloc_0_nonnull=yes
ac_cv_func_realpath=yes
ac_cv_func_setenv=yes
ac_cv_func_socket=yes
ac_cv_func_strchr=yes
ac_cv_func_strdup=yes
ac_cv_func_strerror=yes
ac_cv_func_strncasecmp=yes
ac_cv_func_strrchr=yes
ac_cv_func_strstr=yes
ac_cv_func_strtod=yes
ac_cv_func_strtol=yes
ac_cv_func_vfork=yes
ac_cv_func_vfork_works=yes
ac_cv_header_curl_curl_h=yes
ac_cv_header_fcntl_h=yes
ac_cv_header_inttypes_h=yes
ac_cv_header_jsoncpp_json_json_h=yes
ac_cv_header_libcgroup_h=yes
ac_cv_header_magic_h=yes
ac_cv_header_memory_h=yes
ac_cv_header_stdbool_h=yes
ac_cv_header_stdc=yes
ac_cv_header_stdint_h=yes
ac_cv_header_stdlib_h=yes
ac_cv_header_string_h=yes
ac_cv_header_strings_h=yes
ac_cv_header_sys_param_h=yes
ac_cv_header_sys_stat_h=yes
ac_cv_header_sys_time_h=yes
ac_cv_header_sys_types_h=yes
ac_cv_header_syslog_h=yes
ac_cv_header_termios_h=yes
ac_cv_header_unistd_h=yes
ac_cv_header_vfork_h=no
ac_cv_lib_cgroup_cgroup_init=yes
ac_cv_lib_error_at_line=yes
ac_cv_lib_magic_magic_open=yes
ac_cv_objext=o
ac_cv_path_CURL_CONFIG=/usr/bin/curl-config
ac_cv_path_EGREP='/usr/bin/grep -E'
ac_cv_path_GREP=/usr/bin/grep
ac_cv_path_SED=/usr/bin/sed
ac_cv_path_install='/usr/bin/install -c'
ac_cv_path_mkdir=/usr/bin/mkdir
ac_cv_prog_AWK=mawk
ac_cv_prog_CPP='gcc -E'
ac_cv_prog_CXXCPP='g++ -E'
ac_cv_prog_ac_ct_CC=gcc
ac_cv_prog_ac_ct_CXX=g++
ac_cv_prog_cc_c89=
ac_cv_prog_cc_g=yes
ac_cv_prog_cxx_g=yes
ac_cv_prog_make_make_set=yes
ac_cv_type__Bool=yes
ac_cv_type_pid_t=yes
ac_cv_type_size_t=yes
ac_cv_type_ssize_t=yes
ax_cv_check_cflags___D_FORTIFY_SOURCE_2=yes
ax_cv_check_cflags___Wall=yes
ax_cv_check_cflags___fPIE=yes
ax_cv_check_cflags___fstack_protector=yes
ax_cv_check_ldflags___Wl__z_now=yes
ax_cv_check_ldflags___Wl__z_relro=yes
ax_cv_check_ldflags___fPIE=yes
ax_cv_check_ldflags___pie=yes

## ----------------- ##
## Output variables. ##
## ----------------- ##

AWK='mawk'
BASEURL='http://localhost/'
BASEURL_UNCONFIGURED=''
CC='gcc'
CFLAGS='-g -O1 -Wall -fstack-protector -D_FORTIFY_SOURCE=2 -fPIE -Wformat -Wformat-security -pedantic -std=c11'
CPP='gcc -E'
CPPFLAGS=''
CURL_CFLAGS=''
CURL_CONFIG='/usr/bin/curl-config'
CURL_LIBS='-lcurl'
CURL_STATIC=''
CXX='g++'
CXXCPP='g++ -E'
CXXFLAGS='-g -O1 -Wall -fstack-protector -D_FORTIFY_SOURCE=2 -fPIE -Wformat -Wformat-security -pedantic -std=c++11'
DEFS='-DHAVE_CONFIG_H'
DOC_BUILD_ENABLED='yes'
DOMJUDGE_USER='domjudge'
DOMJUDGE_VERSION='7.3.3'
ECHO_C=''
ECHO_N='-n'
ECHO_T=''
EGREP='/usr/bin/grep -E'
EXEEXT=''
FHS_ENABLED='no'
GREP='/usr/bin/grep'
INSTALL_DATA='${INSTALL} -m 644'
INSTALL_PROGRAM='${INSTALL}'
INSTALL_SCRIPT='${INSTALL}'
LDFLAGS='-fPIE -pie -Wl,-z,relro -Wl,-z,now'
LIBCGROUP='-lcgroup'
LIBJSONCPP='-ljsoncpp'
LIBMAGIC='-lmagic'
LIBOBJS=''
LIBS=''
LN_S='ln -s'
LTLIBOBJS=''
MKDIR_P='/usr/bin/mkdir -p'
OBJEXT='o'
PACKAGE_BUGREPORT='domjudge-devel@domjudge.org'
PACKAGE_NAME='DOMjudge'
PACKAGE_STRING='DOMjudge 7.3.3'
PACKAGE_TARNAME='domjudge'
PACKAGE_URL=''
PACKAGE_VERSION='7.3.3'
PATH_SEPARATOR=':'
POW_LIB=''
RUNGROUP='domjudge-run'
RUNUSER='domjudge-run'
SED='/usr/bin/sed'
SET_MAKE=''
SHELL='/bin/bash'
STATIC_LINK_END=''
STATIC_LINK_START=''
SUBMITCLIENT_ENABLED='yes'
WEBSERVER_GROUP='domjudge'
ac_ct_CC='gcc'
ac_ct_CXX='g++'
bindir='${exec_prefix}/bin'
build_alias=''
datadir='${datarootdir}'
datarootdir='${prefix}/share'
docdir='${datarootdir}/doc/${PACKAGE_TARNAME}'
domjudge_docdir='/domjudge/doc'
domserver_bindir='/domjudge/bin'
domserver_etcdir='/domjudge/etc'
domserver_libdir='/domjudge/lib'
domserver_libvendordir='/domjudge/lib/vendor'
domserver_logdir='/domjudge/output/log'
domserver_root='/domjudge'
domserver_rundir='/domjudge/output/run'
domserver_sqldir='/domjudge/sql'
domserver_tmpdir='/domjudge/output/tmp'
domserver_webappdir='/domjudge/webapp'
dvidir='${docdir}'
exec_prefix='${prefix}'
host_alias=''
htmldir='${docdir}'
includedir='${prefix}/include'
infodir='${datarootdir}/info'
judgehost_bindir='/domjudge/bin'
judgehost_cgroupdir='/sys/fs/cgroup'
judgehost_chrootdir='/chroot/domjudge'
judgehost_etcdir='/domjudge/etc'
judgehost_judgedir='/domjudge/output/judgings'
judgehost_libdir='/domjudge/lib'
judgehost_libjudgedir='/domjudge/lib/judge'
judgehost_logdir='/domjudge/output/log'
judgehost_root='/domjudge'
judgehost_rundir='/domjudge/output/run'
judgehost_tmpdir='/domjudge/output/tmp'
libdir='${exec_prefix}/lib'
libexecdir='${exec_prefix}/libexec'
localedir='${datarootdir}/locale'
localstatedir='${prefix}/var'
mandir='${datarootdir}/man'
oldincludedir='/usr/include'
pdfdir='${docdir}'
prefix='/domjudge'
program_transform_name='s,x,x,'
psdir='${docdir}'
runstatedir='${localstatedir}/run'
sbindir='${exec_prefix}/sbin'
sharedstatedir='${prefix}/com'
sysconfdir='${prefix}/etc'
target_alias=''

## ----------- ##
## confdefs.h. ##
## ----------- ##

/* confdefs.h */
#define PACKAGE_NAME "DOMjudge"
#define PACKAGE_TARNAME "domjudge"
#define PACKAGE_VERSION "7.3.3"
#define PACKAGE_STRING "DOMjudge 7.3.3"
#define PACKAGE_BUGREPORT "domjudge-devel@domjudge.org"
#define PACKAGE_URL ""
#define DOMJUDGE_VERSION "7.3.3"
#define STDC_HEADERS 1
#define HAVE_SYS_TYPES_H 1
#define HAVE_SYS_STAT_H 1
#define HAVE_STDLIB_H 1
#define HAVE_STRING_H 1
#define HAVE_MEMORY_H 1
#define HAVE_STRINGS_H 1
#define HAVE_INTTYPES_H 1
#define HAVE_STDINT_H 1
#define HAVE_UNISTD_H 1
#define HAVE_CURL_CURL_H 1
#define HAVE_JSONCPP_JSON_JSON_H 1
#define _POSIX_C_SOURCE 200809L
#define _XOPEN_SOURCE 500
#define HAVE__BOOL 1
#define HAVE_STDBOOL_H 1
#define HAVE_FCNTL_H 1
#define HAVE_STDLIB_H 1
#define HAVE_STRING_H 1
#define HAVE_SYS_PARAM_H 1
#define HAVE_SYS_TIME_H 1
#define HAVE_SYSLOG_H 1
#define HAVE_TERMIOS_H 1
#define HAVE_UNISTD_H 1
#define HAVE_MAGIC_H 1
#define HAVE_LIBCGROUP_H 1
#define HAVE_FORK 1
#define HAVE_VFORK 1
#define HAVE_WORKING_VFORK 1
#define HAVE_WORKING_FORK 1
#define HAVE_STDLIB_H 1
#define HAVE_MALLOC 1
#define HAVE_STDLIB_H 1
#define HAVE_REALLOC 1
#define HAVE_ATEXIT 1
#define HAVE_DUP2 1
#define HAVE_GETCWD 1
#define HAVE_GETTIMEOFDAY 1
#define HAVE_MEMSET 1
#define HAVE_MKDIR 1
#define HAVE_REALPATH 1
#define HAVE_SETENV 1
#define HAVE_SOCKET 1
#define HAVE_STRCHR 1
#define HAVE_STRDUP 1
#define HAVE_STRERROR 1
#define HAVE_STRNCASECMP 1
#define HAVE_STRRCHR 1
#define HAVE_STRSTR 1
#define HAVE_STRTOL 1

configure: exit 0
